2025-01-29 09:45:38,673 - INFO - missing_values_table function called
2025-01-29 09:45:38,673 - INFO - missing_values_table function called
2025-01-29 09:45:38,818 - INFO - DataFrame has 16 columns, 0 columns have missing values
2025-01-29 09:45:38,818 - INFO - DataFrame has 16 columns, 0 columns have missing values
2025-01-29 09:45:42,263 - INFO - column_summary function called
2025-01-29 09:45:42,263 - INFO - column_summary function called
2025-01-29 09:45:42,796 - INFO - Column summary generated
2025-01-29 09:45:42,796 - INFO - Column summary generated
2025-01-29 09:46:42,401 - INFO - Starting plot_top_customers function
2025-01-29 09:46:42,401 - INFO - Starting plot_top_customers function
2025-01-29 09:46:42,401 - INFO - Plotting top ten customers based on amount paid
2025-01-29 09:46:42,401 - INFO - Plotting top ten customers based on amount paid
2025-01-29 09:46:42,754 - INFO - Plotting top ten customers based on number of transactions
2025-01-29 09:46:42,754 - INFO - Plotting top ten customers based on number of transactions
2025-01-29 09:46:43,120 - INFO - plot_top_customers function completed successfully
2025-01-29 09:46:43,120 - INFO - plot_top_customers function completed successfully
2025-01-29 09:46:53,567 - INFO - univariate_analysis function called for column ChannelId
2025-01-29 09:46:53,567 - INFO - univariate_analysis function called for column ChannelId
2025-01-29 09:46:53,945 - INFO - Category distribution plot generated for column ChannelId
2025-01-29 09:46:53,945 - INFO - Category distribution plot generated for column ChannelId
2025-01-29 09:47:06,435 - INFO - univariate_analysis function called for column ProductCategory
2025-01-29 09:47:06,435 - INFO - univariate_analysis function called for column ProductCategory
2025-01-29 09:47:06,752 - INFO - Category distribution plot generated for column ProductCategory
2025-01-29 09:47:06,752 - INFO - Category distribution plot generated for column ProductCategory
2025-01-29 09:47:16,155 - INFO - univariate_analysis function called for column Amount
2025-01-29 09:47:16,155 - INFO - univariate_analysis function called for column Amount
2025-01-29 09:47:17,369 - INFO - Histogram and boxplot generated for column Amount
2025-01-29 09:47:17,369 - INFO - Histogram and boxplot generated for column Amount
2025-01-29 09:47:28,648 - INFO - univariate_analysis function called for column FraudResult
2025-01-29 09:47:28,648 - INFO - univariate_analysis function called for column FraudResult
2025-01-29 09:47:29,811 - INFO - Histogram and boxplot generated for column FraudResult
2025-01-29 09:47:29,811 - INFO - Histogram and boxplot generated for column FraudResult
2025-01-29 09:47:37,093 - INFO - correlation_analysis function called.
2025-01-29 09:47:37,093 - INFO - correlation_analysis function called.
2025-01-29 09:47:37,099 - INFO - Numerical columns selected: ['CountryCode', 'Amount', 'Value', 'PricingStrategy', 'FraudResult']
2025-01-29 09:47:37,099 - INFO - Numerical columns selected: ['CountryCode', 'Amount', 'Value', 'PricingStrategy', 'FraudResult']
2025-01-29 09:47:37,112 - INFO - Correlation matrix computed successfully.
2025-01-29 09:47:37,112 - INFO - Correlation matrix computed successfully.
2025-01-29 09:47:37,423 - INFO - Correlation heatmap displayed successfully.
2025-01-29 09:47:37,423 - INFO - Correlation heatmap displayed successfully.
2025-01-29 10:05:09,781 - INFO - AggregateFeatures initialized with dataframe of shape (95662, 16)
2025-01-29 10:05:17,723 - INFO - Calculating total transaction amount per customer.
2025-01-29 10:05:17,802 - INFO - Total transaction amount per customer calculated successfully.
2025-01-29 10:05:24,810 - INFO - Calculating average transaction amount per customer.
2025-01-29 10:05:24,891 - INFO - Average transaction amount per customer calculated successfully.
2025-01-29 10:05:31,360 - INFO - Calculating number of transactions per customer.
2025-01-29 10:05:31,439 - INFO - Number of transactions per customer calculated successfully.
2025-01-29 10:05:38,001 - INFO - Calculating standard deviation of transaction amounts per customer.
2025-01-29 10:05:38,080 - INFO - Standard deviation of transaction amounts per customer calculated successfully.
2025-01-29 10:05:45,418 - INFO - Returning the modified dataframe.
2025-01-29 10:05:52,974 - INFO - Extracting_features initialized with dataframe of shape (95662, 20)
2025-01-29 10:05:59,650 - INFO - Converting TransactionStartTime to datetime
2025-01-29 10:05:59,883 - INFO - Extracting the hour of the transaction.
2025-01-29 10:05:59,895 - INFO - Hour of the transaction extracted successfully.
2025-01-29 10:06:06,566 - INFO - Extracting the day of the transaction.
2025-01-29 10:06:06,572 - INFO - Day of the transaction extracted successfully.
2025-01-29 10:06:13,881 - INFO - Extracting the month of the transaction.
2025-01-29 10:06:13,888 - INFO - Month of the transaction extracted successfully.
2025-01-29 10:06:20,135 - INFO - Extracting the year of the transaction.
2025-01-29 10:06:20,141 - INFO - Year of the transaction extracted successfully.
2025-01-29 10:06:26,862 - INFO - Returning the modified dataframe.
2025-01-29 10:07:58,828 - INFO - Starting normalization of columns: ['TotalTransactions', 'StdTransactionAmount']
2025-01-29 10:07:58,838 - INFO - Columns ['TotalTransactions', 'StdTransactionAmount'] normalized successfully.
2025-01-29 10:39:31,123 - INFO - RFMSCalculator initialized with DataFrame of shape (95662, 27)
2025-01-29 10:39:31,123 - INFO - RFMSCalculator initialized with DataFrame of shape (95662, 27)
2025-01-29 10:39:37,675 - INFO - Starting RFMS calculation
2025-01-29 10:39:37,675 - INFO - Starting RFMS calculation
2025-01-29 10:39:37,676 - INFO - Calculating Recency
2025-01-29 10:39:37,676 - INFO - Calculating Recency
2025-01-29 10:40:50,624 - INFO - RFMSCalculator initialized with DataFrame of shape (95662, 27)
2025-01-29 10:40:50,624 - INFO - RFMSCalculator initialized with DataFrame of shape (95662, 27)
2025-01-29 10:44:15,130 - INFO - RFMSCalculator initialized with DataFrame of shape (95662, 27)
2025-01-29 10:44:15,130 - INFO - RFMSCalculator initialized with DataFrame of shape (95662, 27)
2025-01-29 10:44:17,632 - INFO - Starting RFMS calculation
2025-01-29 10:44:17,632 - INFO - Starting RFMS calculation
2025-01-29 10:44:17,634 - INFO - Calculating Recency
2025-01-29 10:44:17,634 - INFO - Calculating Recency
2025-01-29 10:44:40,553 - INFO - RFMSCalculator initialized with DataFrame of shape (95662, 28)
2025-01-29 10:44:40,553 - INFO - RFMSCalculator initialized with DataFrame of shape (95662, 28)
2025-01-29 10:44:42,468 - INFO - Starting RFMS calculation
2025-01-29 10:44:42,468 - INFO - Starting RFMS calculation
2025-01-29 10:44:42,470 - INFO - Calculating Recency
2025-01-29 10:44:42,470 - INFO - Calculating Recency
2025-01-29 10:44:42,660 - INFO - Recency calculation completed
2025-01-29 10:44:42,660 - INFO - Recency calculation completed
2025-01-29 10:44:42,660 - INFO - Calculating Frequency
2025-01-29 10:44:42,660 - INFO - Calculating Frequency
2025-01-29 10:44:42,685 - INFO - Frequency calculation completed
2025-01-29 10:44:42,685 - INFO - Frequency calculation completed
2025-01-29 10:44:42,685 - INFO - Calculating Monetary Value
2025-01-29 10:44:42,685 - INFO - Calculating Monetary Value
2025-01-29 10:44:42,702 - INFO - Monetary Value calculation completed
2025-01-29 10:44:42,702 - INFO - Monetary Value calculation completed
2025-01-29 10:44:42,748 - INFO - Calculating RFMS Label
2025-01-29 10:44:42,748 - INFO - Calculating RFMS Label
2025-01-29 10:44:42,756 - INFO - RFMS Label assignment completed
2025-01-29 10:44:42,756 - INFO - RFMS Label assignment completed
2025-01-29 10:44:42,756 - INFO - RFMS calculation and labeling completed
2025-01-29 10:44:42,756 - INFO - RFMS calculation and labeling completed
2025-01-29 10:45:11,075 - INFO - Labeling initialized with DataFrame of shape (95662, 32)
2025-01-29 10:45:11,075 - INFO - Labeling initialized with DataFrame of shape (95662, 32)
2025-01-29 10:45:17,256 - INFO - Assigning Good/Bad labels
2025-01-29 10:45:17,256 - INFO - Assigning Good/Bad labels
2025-01-29 10:45:17,275 - INFO - Label assignment completed
2025-01-29 10:45:17,275 - INFO - Label assignment completed
